# JRE version: OpenJDK Runtime Environment (11.0.13) (build 11.0.13+0-b1751.21-8125866)
# Java VM: OpenJDK 64-Bit Server VM (11.0.13+0-b1751.21-8125866, mixed mode, tiered, compressed oops, g1 gc, windows-amd64)
Heap:
 garbage-first heap   total 275456K, used 41123K [0x0000000721a00000, 0x0000000800000000)
  region size 1024K, 13 young (13312K), 13 survivors (13312K)
 Metaspace       used 54020K, capacity 54569K, committed 54736K, reserved 1097728K
  class space    used 6124K, capacity 6333K, committed 6396K, reserved 1048576K
GC Heap History (11 events):
Event: 0.355 GC heap before
{Heap before GC invocations=0 (full 0):
 garbage-first heap   total 229376K, used 27648K [0x0000000721a00000, 0x0000000800000000)
  region size 1024K, 24 young (24576K), 0 survivors (0K)
 Metaspace       used 12186K, capacity 12286K, committed 12416K, reserved 1060864K
  class space    used 1095K, capacity 1113K, committed 1152K, reserved 1048576K
}
Event: 0.356 GC heap after
{Heap after GC invocations=1 (full 0):
 garbage-first heap   total 229376K, used 6284K [0x0000000721a00000, 0x0000000800000000)
  region size 1024K, 3 young (3072K), 3 survivors (3072K)
 Metaspace       used 12186K, capacity 12286K, committed 12416K, reserved 1060864K
  class space    used 1095K, capacity 1113K, committed 1152K, reserved 1048576K
}
Event: 0.750 GC heap before
{Heap before GC invocations=1 (full 0):
 garbage-first heap   total 229376K, used 43148K [0x0000000721a00000, 0x0000000800000000)
  region size 1024K, 40 young (40960K), 3 survivors (3072K)
 Metaspace       used 20989K, capacity 21202K, committed 21296K, reserved 1069056K
  class space    used 2222K, capacity 2309K, committed 2352K, reserved 1048576K
}
Event: 0.757 GC heap after
{Heap after GC invocations=2 (full 0):
 garbage-first heap   total 229376K, used 9720K [0x0000000721a00000, 0x0000000800000000)
  region size 1024K, 7 young (7168K), 7 survivors (7168K)
 Metaspace       used 20989K, capacity 21202K, committed 21296K, reserved 1069056K
  class space    used 2222K, capacity 2309K, committed 2352K, reserved 1048576K
}
Event: 1.287 GC heap before
{Heap before GC invocations=3 (full 0):
 garbage-first heap   total 229376K, used 67064K [0x0000000721a00000, 0x0000000800000000)
  region size 1024K, 58 young (59392K), 7 survivors (7168K)
 Metaspace       used 33282K, capacity 33738K, committed 33788K, reserved 1079296K
  class space    used 4134K, capacity 4307K, committed 4348K, reserved 1048576K
}
Event: 1.294 GC heap after
{Heap after GC invocations=4 (full 0):
 garbage-first heap   total 229376K, used 20932K [0x0000000721a00000, 0x0000000800000000)
  region size 1024K, 8 young (8192K), 8 survivors (8192K)
 Metaspace       used 33282K, capacity 33738K, committed 33788K, reserved 1079296K
  class space    used 4134K, capacity 4307K, committed 4348K, reserved 1048576K
}
Event: 1.406 GC heap before
{Heap before GC invocations=4 (full 0):
 garbage-first heap   total 229376K, used 33220K [0x0000000721a00000, 0x0000000800000000)
  region size 1024K, 21 young (21504K), 8 survivors (8192K)
 Metaspace       used 35581K, capacity 35989K, committed 36048K, reserved 1081344K
  class space    used 4387K, capacity 4567K, committed 4604K, reserved 1048576K
}
Event: 1.410 GC heap after
{Heap after GC invocations=5 (full 0):
 garbage-first heap   total 229376K, used 21412K [0x0000000721a00000, 0x0000000800000000)
  region size 1024K, 7 young (7168K), 7 survivors (7168K)
 Metaspace       used 35581K, capacity 35989K, committed 36048K, reserved 1081344K
  class space    used 4387K, capacity 4567K, committed 4604K, reserved 1048576K
}
Event: 2.029 GC heap before
{Heap before GC invocations=6 (full 0):
 garbage-first heap   total 229376K, used 79780K [0x0000000721a00000, 0x0000000800000000)
  region size 1024K, 64 young (65536K), 7 survivors (7168K)
 Metaspace       used 48443K, capacity 48990K, committed 49232K, reserved 1093632K
  class space    used 5700K, capacity 5925K, committed 6012K, reserved 1048576K
}
Event: 2.035 GC heap after
{Heap after GC invocations=7 (full 0):
 garbage-first heap   total 229376K, used 26789K [0x0000000721a00000, 0x0000000800000000)
  region size 1024K, 8 young (8192K), 8 survivors (8192K)
 Metaspace       used 48443K, capacity 48990K, committed 49232K, reserved 1093632K
  class space    used 5700K, capacity 5925K, committed 6012K, reserved 1048576K
}
Event: 2.805 GC heap before
{Heap before GC invocations=7 (full 0):
 garbage-first heap   total 229376K, used 123045K [0x0000000721a00000, 0x0000000800000000)
  region size 1024K, 99 young (101376K), 8 survivors (8192K)
 Metaspace       used 54020K, capacity 54569K, committed 54736K, reserved 1097728K
  class space    used 6124K, capacity 6333K, committed 6396K, reserved 1048576K
}

